Build started 3/23/2013 3:02:35 PM.
     1>Project "C:\Users\Dizzi\Documents\Visual Studio 2010\Projects\AudioSnipe\AudioSnipe\AudioSnipe.vcxproj" on node 2 (build target(s)).
     1>InitializeBuildStatus:
         Creating "Release\AudioSnipe.unsuccessfulbuild" because "AlwaysCreate" was specified.
       ClCompile:
         C:\Program Files (x86)\Microsoft Visual Studio 10.0\VC\bin\CL.exe /c /Zi /nologo /W3 /WX- /O2 /Oi /Oy- /GL /D _MBCS /Gm- /EHsc /MD /GS /Gy /fp:precise /Zc:wchar_t /Zc:forScope /Fo"Release\\" /Fd"Release\vc100.pdb" /Gd /TP /analyze- /errorReport:prompt main.cpp
         main.cpp
     1>main.cpp(223): warning C4244: '=' : conversion from 'float' to 'LONG', possible loss of data
     1>main.cpp(224): warning C4244: '=' : conversion from 'float' to 'LONG', possible loss of data
     1>main.cpp(225): warning C4244: '=' : conversion from 'float' to 'LONG', possible loss of data
     1>main.cpp(226): warning C4244: '=' : conversion from 'float' to 'LONG', possible loss of data
     1>main.cpp(228): warning C4244: '=' : conversion from 'float' to 'LONG', possible loss of data
     1>main.cpp(229): warning C4244: '=' : conversion from 'float' to 'LONG', possible loss of data
     1>main.cpp(230): warning C4244: '=' : conversion from 'float' to 'LONG', possible loss of data
     1>main.cpp(231): warning C4244: '=' : conversion from 'float' to 'LONG', possible loss of data
     1>main.cpp(463): warning C4244: '=' : conversion from 'float' to 'LONG', possible loss of data
     1>main.cpp(465): warning C4244: '=' : conversion from 'float' to 'LONG', possible loss of data
     1>main.cpp(470): warning C4996: 'itoa': The POSIX name for this item is deprecated. Instead, use the ISO C++ conformant name: _itoa. See online help for details.
                 C:\Program Files (x86)\Microsoft Visual Studio 10.0\VC\include\stdlib.h(867) : see declaration of 'itoa'
     1>main.cpp(476): warning C4996: 'itoa': The POSIX name for this item is deprecated. Instead, use the ISO C++ conformant name: _itoa. See online help for details.
                 C:\Program Files (x86)\Microsoft Visual Studio 10.0\VC\include\stdlib.h(867) : see declaration of 'itoa'
     1>main.cpp(478): warning C4244: '=' : conversion from 'float' to 'LONG', possible loss of data
     1>main.cpp(480): warning C4244: '=' : conversion from 'float' to 'LONG', possible loss of data
     1>main.cpp(486): warning C4244: '=' : conversion from 'float' to 'LONG', possible loss of data
     1>main.cpp(487): warning C4244: '=' : conversion from 'float' to 'LONG', possible loss of data
     1>main.cpp(488): warning C4244: '=' : conversion from 'float' to 'LONG', possible loss of data
     1>main.cpp(489): warning C4244: '=' : conversion from 'float' to 'LONG', possible loss of data
     1>main.cpp(495): warning C4244: '=' : conversion from 'float' to 'LONG', possible loss of data
     1>main.cpp(496): warning C4244: '=' : conversion from 'float' to 'LONG', possible loss of data
     1>main.cpp(497): warning C4244: '=' : conversion from 'float' to 'LONG', possible loss of data
     1>main.cpp(498): warning C4244: '=' : conversion from 'float' to 'LONG', possible loss of data
     1>main.cpp(503): warning C4244: '=' : conversion from 'float' to 'LONG', possible loss of data
     1>main.cpp(504): warning C4244: '=' : conversion from 'float' to 'LONG', possible loss of data
     1>main.cpp(505): warning C4244: '=' : conversion from 'float' to 'LONG', possible loss of data
     1>main.cpp(506): warning C4244: '=' : conversion from 'float' to 'LONG', possible loss of data
     1>main.cpp(510): warning C4244: '=' : conversion from 'float' to 'LONG', possible loss of data
     1>main.cpp(511): warning C4244: '=' : conversion from 'float' to 'LONG', possible loss of data
     1>main.cpp(512): warning C4244: '=' : conversion from 'float' to 'LONG', possible loss of data
     1>main.cpp(513): warning C4244: '=' : conversion from 'float' to 'LONG', possible loss of data
     1>main.cpp(560): warning C4244: 'initializing' : conversion from 'LONG' to 'FLOAT', possible loss of data
     1>main.cpp(560): warning C4244: 'initializing' : conversion from 'LONG' to 'FLOAT', possible loss of data
     1>main.cpp(561): warning C4244: 'initializing' : conversion from 'LONG' to 'FLOAT', possible loss of data
     1>main.cpp(561): warning C4244: 'initializing' : conversion from 'LONG' to 'FLOAT', possible loss of data
     1>main.cpp(562): warning C4244: 'initializing' : conversion from 'LONG' to 'FLOAT', possible loss of data
     1>main.cpp(562): warning C4244: 'initializing' : conversion from 'LONG' to 'FLOAT', possible loss of data
     1>main.cpp(563): warning C4244: 'initializing' : conversion from 'LONG' to 'FLOAT', possible loss of data
     1>main.cpp(563): warning C4244: 'initializing' : conversion from 'LONG' to 'FLOAT', possible loss of data
       Link:
         C:\Program Files (x86)\Microsoft Visual Studio 10.0\VC\bin\link.exe /ERRORREPORT:PROMPT /OUT:"C:\Users\Dizzi\Documents\Visual Studio 2010\Projects\AudioSnipe\Release\AudioSnipe.exe" /NOLOGO kernel32.lib user32.lib gdi32.lib winspool.lib comdlg32.lib advapi32.lib shell32.lib ole32.lib oleaut32.lib uuid.lib odbc32.lib odbccp32.lib /MANIFEST /ManifestFile:"Release\AudioSnipe.exe.intermediate.manifest" /MANIFESTUAC:"level='asInvoker' uiAccess='false'" /DEBUG /PDB:"C:\Users\Dizzi\Documents\Visual Studio 2010\Projects\AudioSnipe\Release\AudioSnipe.pdb" /OPT:REF /OPT:ICF /LTCG /TLBID:1 /DYNAMICBASE /NXCOMPAT /IMPLIB:"C:\Users\Dizzi\Documents\Visual Studio 2010\Projects\AudioSnipe\Release\AudioSnipe.lib" /MACHINE:X86 Release\main.obj
         Generating code
         Finished generating code
         AudioSnipe.vcxproj -> C:\Users\Dizzi\Documents\Visual Studio 2010\Projects\AudioSnipe\Release\AudioSnipe.exe
       Manifest:
         C:\Program Files (x86)\Microsoft SDKs\Windows\v7.0A\bin\mt.exe /nologo /verbose /outputresource:"C:\Users\Dizzi\Documents\Visual Studio 2010\Projects\AudioSnipe\Release\AudioSnipe.exe;#1" /manifest Release\AudioSnipe.exe.intermediate.manifest
       FinalizeBuildStatus:
         Deleting file "Release\AudioSnipe.unsuccessfulbuild".
         Touching "Release\AudioSnipe.lastbuildstate".
     1>Done Building Project "C:\Users\Dizzi\Documents\Visual Studio 2010\Projects\AudioSnipe\AudioSnipe\AudioSnipe.vcxproj" (build target(s)).

Build succeeded.

Time Elapsed 00:00:00.93
