Build started 3/26/2013 10:04:29 AM.
     1>Project "C:\Users\Dizzi\Documents\Visual Studio 2010\Projects\AudioSnipe\AudioSnipe\AudioSnipe.vcxproj" on node 2 (build target(s)).
     1>InitializeBuildStatus:
         Touching "Debug\AudioSnipe.unsuccessfulbuild".
       ClCompile:
         C:\Program Files (x86)\Microsoft Visual Studio 10.0\VC\bin\CL.exe /c /ZI /nologo /W3 /WX- /Od /Oy- /D _MBCS /Gm /EHsc /RTC1 /MDd /GS /fp:precise /Zc:wchar_t /Zc:forScope /Fo"Debug\\" /Fd"Debug\vc100.pdb" /Gd /TP /analyze- /errorReport:prompt main.cpp
         main.cpp
     1>c:\users\dizzi\documents\visual studio 2010\projects\audiosnipe\audiosnipe\main.cpp(224): warning C4244: '=' : conversion from 'float' to 'LONG', possible loss of data
     1>c:\users\dizzi\documents\visual studio 2010\projects\audiosnipe\audiosnipe\main.cpp(225): warning C4244: '=' : conversion from 'float' to 'LONG', possible loss of data
     1>c:\users\dizzi\documents\visual studio 2010\projects\audiosnipe\audiosnipe\main.cpp(226): warning C4244: '=' : conversion from 'float' to 'LONG', possible loss of data
     1>c:\users\dizzi\documents\visual studio 2010\projects\audiosnipe\audiosnipe\main.cpp(227): warning C4244: '=' : conversion from 'float' to 'LONG', possible loss of data
     1>c:\users\dizzi\documents\visual studio 2010\projects\audiosnipe\audiosnipe\main.cpp(229): warning C4244: '=' : conversion from 'float' to 'LONG', possible loss of data
     1>c:\users\dizzi\documents\visual studio 2010\projects\audiosnipe\audiosnipe\main.cpp(230): warning C4244: '=' : conversion from 'float' to 'LONG', possible loss of data
     1>c:\users\dizzi\documents\visual studio 2010\projects\audiosnipe\audiosnipe\main.cpp(231): warning C4244: '=' : conversion from 'float' to 'LONG', possible loss of data
     1>c:\users\dizzi\documents\visual studio 2010\projects\audiosnipe\audiosnipe\main.cpp(232): warning C4244: '=' : conversion from 'float' to 'LONG', possible loss of data
     1>c:\users\dizzi\documents\visual studio 2010\projects\audiosnipe\audiosnipe\main.cpp(464): warning C4244: '=' : conversion from 'float' to 'LONG', possible loss of data
     1>c:\users\dizzi\documents\visual studio 2010\projects\audiosnipe\audiosnipe\main.cpp(466): warning C4244: '=' : conversion from 'float' to 'LONG', possible loss of data
     1>c:\users\dizzi\documents\visual studio 2010\projects\audiosnipe\audiosnipe\main.cpp(471): warning C4996: 'itoa': The POSIX name for this item is deprecated. Instead, use the ISO C++ conformant name: _itoa. See online help for details.
                 c:\program files (x86)\microsoft visual studio 10.0\vc\include\stdlib.h(867) : see declaration of 'itoa'
     1>c:\users\dizzi\documents\visual studio 2010\projects\audiosnipe\audiosnipe\main.cpp(477): warning C4996: 'itoa': The POSIX name for this item is deprecated. Instead, use the ISO C++ conformant name: _itoa. See online help for details.
                 c:\program files (x86)\microsoft visual studio 10.0\vc\include\stdlib.h(867) : see declaration of 'itoa'
     1>c:\users\dizzi\documents\visual studio 2010\projects\audiosnipe\audiosnipe\main.cpp(479): warning C4244: '=' : conversion from 'float' to 'LONG', possible loss of data
     1>c:\users\dizzi\documents\visual studio 2010\projects\audiosnipe\audiosnipe\main.cpp(481): warning C4244: '=' : conversion from 'float' to 'LONG', possible loss of data
     1>c:\users\dizzi\documents\visual studio 2010\projects\audiosnipe\audiosnipe\main.cpp(487): warning C4244: '=' : conversion from 'float' to 'LONG', possible loss of data
     1>c:\users\dizzi\documents\visual studio 2010\projects\audiosnipe\audiosnipe\main.cpp(488): warning C4244: '=' : conversion from 'float' to 'LONG', possible loss of data
     1>c:\users\dizzi\documents\visual studio 2010\projects\audiosnipe\audiosnipe\main.cpp(489): warning C4244: '=' : conversion from 'float' to 'LONG', possible loss of data
     1>c:\users\dizzi\documents\visual studio 2010\projects\audiosnipe\audiosnipe\main.cpp(490): warning C4244: '=' : conversion from 'float' to 'LONG', possible loss of data
     1>c:\users\dizzi\documents\visual studio 2010\projects\audiosnipe\audiosnipe\main.cpp(496): warning C4244: '=' : conversion from 'float' to 'LONG', possible loss of data
     1>c:\users\dizzi\documents\visual studio 2010\projects\audiosnipe\audiosnipe\main.cpp(497): warning C4244: '=' : conversion from 'float' to 'LONG', possible loss of data
     1>c:\users\dizzi\documents\visual studio 2010\projects\audiosnipe\audiosnipe\main.cpp(498): warning C4244: '=' : conversion from 'float' to 'LONG', possible loss of data
     1>c:\users\dizzi\documents\visual studio 2010\projects\audiosnipe\audiosnipe\main.cpp(499): warning C4244: '=' : conversion from 'float' to 'LONG', possible loss of data
     1>c:\users\dizzi\documents\visual studio 2010\projects\audiosnipe\audiosnipe\main.cpp(504): warning C4244: '=' : conversion from 'float' to 'LONG', possible loss of data
     1>c:\users\dizzi\documents\visual studio 2010\projects\audiosnipe\audiosnipe\main.cpp(505): warning C4244: '=' : conversion from 'float' to 'LONG', possible loss of data
     1>c:\users\dizzi\documents\visual studio 2010\projects\audiosnipe\audiosnipe\main.cpp(506): warning C4244: '=' : conversion from 'float' to 'LONG', possible loss of data
     1>c:\users\dizzi\documents\visual studio 2010\projects\audiosnipe\audiosnipe\main.cpp(507): warning C4244: '=' : conversion from 'float' to 'LONG', possible loss of data
     1>c:\users\dizzi\documents\visual studio 2010\projects\audiosnipe\audiosnipe\main.cpp(511): warning C4244: '=' : conversion from 'float' to 'LONG', possible loss of data
     1>c:\users\dizzi\documents\visual studio 2010\projects\audiosnipe\audiosnipe\main.cpp(512): warning C4244: '=' : conversion from 'float' to 'LONG', possible loss of data
     1>c:\users\dizzi\documents\visual studio 2010\projects\audiosnipe\audiosnipe\main.cpp(513): warning C4244: '=' : conversion from 'float' to 'LONG', possible loss of data
     1>c:\users\dizzi\documents\visual studio 2010\projects\audiosnipe\audiosnipe\main.cpp(514): warning C4244: '=' : conversion from 'float' to 'LONG', possible loss of data
     1>c:\users\dizzi\documents\visual studio 2010\projects\audiosnipe\audiosnipe\main.cpp(561): warning C4244: 'initializing' : conversion from 'LONG' to 'FLOAT', possible loss of data
     1>c:\users\dizzi\documents\visual studio 2010\projects\audiosnipe\audiosnipe\main.cpp(561): warning C4244: 'initializing' : conversion from 'LONG' to 'FLOAT', possible loss of data
     1>c:\users\dizzi\documents\visual studio 2010\projects\audiosnipe\audiosnipe\main.cpp(562): warning C4244: 'initializing' : conversion from 'LONG' to 'FLOAT', possible loss of data
     1>c:\users\dizzi\documents\visual studio 2010\projects\audiosnipe\audiosnipe\main.cpp(562): warning C4244: 'initializing' : conversion from 'LONG' to 'FLOAT', possible loss of data
     1>c:\users\dizzi\documents\visual studio 2010\projects\audiosnipe\audiosnipe\main.cpp(563): warning C4244: 'initializing' : conversion from 'LONG' to 'FLOAT', possible loss of data
     1>c:\users\dizzi\documents\visual studio 2010\projects\audiosnipe\audiosnipe\main.cpp(563): warning C4244: 'initializing' : conversion from 'LONG' to 'FLOAT', possible loss of data
     1>c:\users\dizzi\documents\visual studio 2010\projects\audiosnipe\audiosnipe\main.cpp(564): warning C4244: 'initializing' : conversion from 'LONG' to 'FLOAT', possible loss of data
     1>c:\users\dizzi\documents\visual studio 2010\projects\audiosnipe\audiosnipe\main.cpp(564): warning C4244: 'initializing' : conversion from 'LONG' to 'FLOAT', possible loss of data
       Link:
         C:\Program Files (x86)\Microsoft Visual Studio 10.0\VC\bin\link.exe /ERRORREPORT:PROMPT /OUT:"C:\Users\Dizzi\Documents\Visual Studio 2010\Projects\AudioSnipe\Debug\AudioSnipe.exe" /NOLOGO kernel32.lib user32.lib gdi32.lib winspool.lib comdlg32.lib advapi32.lib shell32.lib ole32.lib oleaut32.lib uuid.lib odbc32.lib odbccp32.lib /MANIFEST /ManifestFile:"Debug\AudioSnipe.exe.intermediate.manifest" /MANIFESTUAC:"level='asInvoker' uiAccess='false'" /DEBUG /PDB:"C:\Users\Dizzi\Documents\Visual Studio 2010\Projects\AudioSnipe\Debug\AudioSnipe.pdb" /TLBID:1 /DYNAMICBASE /NXCOMPAT /IMPLIB:"C:\Users\Dizzi\Documents\Visual Studio 2010\Projects\AudioSnipe\Debug\AudioSnipe.lib" /MACHINE:X86 Debug\main.obj
         AudioSnipe.vcxproj -> C:\Users\Dizzi\Documents\Visual Studio 2010\Projects\AudioSnipe\Debug\AudioSnipe.exe
       Manifest:
         C:\Program Files (x86)\Microsoft SDKs\Windows\v7.0A\bin\mt.exe /nologo /verbose /outputresource:"C:\Users\Dizzi\Documents\Visual Studio 2010\Projects\AudioSnipe\Debug\AudioSnipe.exe;#1" /manifest Debug\AudioSnipe.exe.intermediate.manifest
       FinalizeBuildStatus:
         Deleting file "Debug\AudioSnipe.unsuccessfulbuild".
         Touching "Debug\AudioSnipe.lastbuildstate".
     1>Done Building Project "C:\Users\Dizzi\Documents\Visual Studio 2010\Projects\AudioSnipe\AudioSnipe\AudioSnipe.vcxproj" (build target(s)).

Build succeeded.

Time Elapsed 00:00:01.15
